2024-11-18 08:08:00 - Intento de inicio de sesión con usuario: karen
2024-11-18 08:08:00 - Inicio de sesión exitoso para usuario: karen
2024-11-18 08:08:13 - Cerrando sesión para usuario: karen
2024-11-18 08:08:22 - Intento de inicio de sesión con usuario: admin
2024-11-18 08:08:22 - Inicio de sesión exitoso para usuario: admin
2024-11-18 08:10:03 - Intento de inicio de sesión con usuario: admin
2024-11-18 08:10:03 - Inicio de sesión exitoso para usuario: admin
2024-11-18 08:11:10 - Intento de inicio de sesión con usuario: admin
2024-11-18 08:11:10 - Inicio de sesión exitoso para usuario: admin
2024-11-18 08:17:05 - Intento de inicio de sesión con usuario: admin
2024-11-18 08:17:05 - Inicio de sesión exitoso para usuario: admin
2024-11-18 08:24:45 - Intento de inicio de sesión con usuario: admin
2024-11-18 08:24:45 - Inicio de sesión exitoso para usuario: admin
2024-11-18 08:25:50 - Intento de inicio de sesión con usuario: admin
2024-11-18 08:25:51 - Inicio de sesión exitoso para usuario: admin
2024-11-18 08:45:38 - Intento de inicio de sesión con usuario: admin
2024-11-18 08:45:38 - Inicio de sesión exitoso para usuario: admin
2024-11-18 08:48:07 - Intento de inicio de sesión con usuario: admin
2024-11-18 08:48:07 - Inicio de sesión exitoso para usuario: admin
2024-11-18 08:59:26 - Intento de inicio de sesión con usuario: admin
2024-11-18 08:59:26 - Inicio de sesión exitoso para usuario: admin
2024-11-18 09:02:25 - Intento de inicio de sesión con usuario: admin
2024-11-18 09:02:25 - Inicio de sesión exitoso para usuario: admin
2024-11-18 09:08:05 - Intento de inicio de sesión con usuario: admin
2024-11-18 09:08:06 - Inicio de sesión exitoso para usuario: admin
2024-11-18 09:13:04 - Intento de inicio de sesión con usuario: admin
2024-11-18 09:13:04 - Inicio de sesión exitoso para usuario: admin
2024-11-18 09:51:23 - Intento de inicio de sesión con usuario: admin
2024-11-18 09:51:24 - Inicio de sesión exitoso para usuario: admin
2024-11-18 10:01:42 - Intento de inicio de sesión con usuario: admin
2024-11-18 10:01:42 - Inicio de sesión exitoso para usuario: admin
2024-11-18 10:02:32 - Intento de inicio de sesión con usuario: karen
2024-11-18 10:02:32 - Inicio de sesión exitoso para usuario: karen
2024-11-18 10:07:07 - Intento de inicio de sesión con usuario: karen
2024-11-18 10:07:07 - Inicio de sesión exitoso para usuario: karen
2024-11-18 10:08:49 - Cerrando sesión para usuario: karen
2024-11-18 10:08:54 - Intento de inicio de sesión con usuario: admin
2024-11-18 10:08:54 - Inicio de sesión exitoso para usuario: admin
2024-11-18 10:13:40 - Intento de inicio de sesión con usuario: karen
2024-11-18 10:13:40 - Inicio de sesión exitoso para usuario: karen
2024-11-18 10:28:45 - Intento de inicio de sesión con usuario: karen
2024-11-18 10:28:45 - Inicio de sesión exitoso para usuario: karen
2024-11-18 10:34:39 - Intento de inicio de sesión con usuario: karen
2024-11-18 10:34:39 - Inicio de sesión exitoso para usuario: karen
2024-11-18 10:36:37 - Intento de inicio de sesión con usuario: karen
2024-11-18 10:36:37 - Inicio de sesión exitoso para usuario: karen
2024-11-18 10:42:56 - Intento de inicio de sesión con usuario: karen
2024-11-18 10:42:57 - Inicio de sesión exitoso para usuario: karen
2024-11-18 10:43:59 - Intento de inicio de sesión con usuario: karen
2024-11-18 10:43:59 - Inicio de sesión exitoso para usuario: karen
2024-11-18 10:46:22 - Intento de inicio de sesión con usuario: karen
2024-11-18 10:46:22 - Inicio de sesión exitoso para usuario: karen
2024-11-18 10:47:43 - Intento de inicio de sesión con usuario: karen
2024-11-18 10:47:43 - Inicio de sesión exitoso para usuario: karen
2024-11-18 10:49:43 - Intento de inicio de sesión con usuario: karen
2024-11-18 10:49:43 - Inicio de sesión exitoso para usuario: karen
2024-11-18 10:50:07 - Intento de inicio de sesión con usuario: karen
2024-11-18 10:50:07 - Inicio de sesión exitoso para usuario: karen
2024-11-18 11:34:14 - Intento de inicio de sesión con usuario: karen
2024-11-18 11:34:14 - Inicio de sesión exitoso para usuario: karen
2024-11-18 11:36:18 - Intento de inicio de sesión con usuario: karen
2024-11-18 11:36:18 - Inicio de sesión exitoso para usuario: karen
2024-11-18 18:03:48 - Intento de inicio de sesión con usuario: Karen
2024-11-18 18:03:48 - Inicio de sesión exitoso para usuario: Karen
2024-11-18 18:04:39 - Intento de inicio de sesión con usuario: Karen
2024-11-18 18:04:40 - Inicio de sesión exitoso para usuario: Karen
2024-11-18 18:06:26 - Intento de inicio de sesión con usuario: karen
2024-11-18 18:06:26 - Inicio de sesión exitoso para usuario: karen
2024-11-18 18:06:55 - Cerrando sesión para usuario: karen
2024-11-18 18:07:03 - Intento de inicio de sesión con usuario: admin
2024-11-18 18:07:03 - Inicio de sesión exitoso para usuario: admin
2024-11-18 18:07:22 - Cerrando sesión para usuario: admin
2024-11-18 18:07:30 - Intento de inicio de sesión con usuario: karen
2024-11-18 18:07:30 - Inicio de sesión exitoso para usuario: karen
2024-11-18 18:12:58 - Intento de inicio de sesión con usuario: karen
2024-11-18 18:12:59 - Inicio de sesión exitoso para usuario: karen
2024-11-18 18:26:04 - Intento de inicio de sesión con usuario: karen
2024-11-18 18:26:04 - Inicio de sesión exitoso para usuario: karen
2024-11-18 18:26:51 - Cerrando sesión para usuario: karen
2024-11-18 18:26:57 - Intento de inicio de sesión con usuario: admin
2024-11-18 18:26:57 - Inicio de sesión exitoso para usuario: admin
2024-11-18 18:27:15 - Cerrando sesión para usuario: admin
2024-11-18 18:27:24 - Intento de inicio de sesión con usuario: Karen
2024-11-18 18:27:24 - Inicio de sesión exitoso para usuario: Karen
2024-11-18 18:28:15 - Cerrando sesión para usuario: karen
2024-11-18 18:28:24 - Intento de inicio de sesión con usuario: admin
2024-11-18 18:28:24 - Inicio de sesión exitoso para usuario: admin
2024-11-18 18:28:39 - Cerrando sesión para usuario: admin
2024-11-18 18:28:47 - Intento de inicio de sesión con usuario: karen
2024-11-18 18:28:47 - Inicio de sesión exitoso para usuario: karen
2024-11-18 18:32:05 - Intento de inicio de sesión con usuario: karen
2024-11-18 18:32:05 - Inicio de sesión exitoso para usuario: karen
2024-11-18 18:41:39 - Intento de inicio de sesión con usuario: karen
2024-11-18 18:41:39 - Inicio de sesión exitoso para usuario: karen
2024-11-18 18:44:57 - Intento de inicio de sesión con usuario: karen
2024-11-18 18:44:57 - Inicio de sesión exitoso para usuario: karen
2024-11-18 18:45:35 - Cerrando sesión para usuario: karen
2024-11-18 18:45:43 - Intento de inicio de sesión con usuario: admin
2024-11-18 18:45:43 - Inicio de sesión exitoso para usuario: admin
2024-11-18 18:45:59 - Cerrando sesión para usuario: admin
2024-11-18 18:46:06 - Intento de inicio de sesión con usuario: karen
2024-11-18 18:46:06 - Inicio de sesión exitoso para usuario: karen
2024-11-18 18:51:17 - Cerrando sesión para usuario: karen
2024-11-18 18:51:25 - Intento de inicio de sesión con usuario: admin
2024-11-18 18:51:25 - Inicio de sesión exitoso para usuario: admin
2024-11-18 18:51:47 - Cerrando sesión para usuario: admin
2024-11-18 18:51:55 - Intento de inicio de sesión con usuario: karen
2024-11-18 18:51:55 - Inicio de sesión exitoso para usuario: karen
2024-11-18 18:57:27 - Intento de inicio de sesión con usuario: karen
2024-11-18 18:57:27 - Inicio de sesión exitoso para usuario: karen
2024-11-18 18:57:55 - Cerrando sesión para usuario: karen
2024-11-18 18:58:03 - Intento de inicio de sesión con usuario: admin
2024-11-18 18:58:03 - Inicio de sesión exitoso para usuario: admin
2024-11-18 18:58:13 - Cerrando sesión para usuario: admin
2024-11-18 18:58:24 - Intento de inicio de sesión con usuario: karen
2024-11-18 18:58:24 - Inicio de sesión exitoso para usuario: karen
2024-11-18 19:02:25 - Intento de inicio de sesión con usuario: karen
2024-11-18 19:02:25 - Inicio de sesión exitoso para usuario: karen
2024-11-18 19:09:54 - Intento de inicio de sesión con usuario: karen
2024-11-18 19:09:54 - Inicio de sesión exitoso para usuario: karen
2024-11-18 19:17:13 - Intento de inicio de sesión con usuario: karen
2024-11-18 19:17:13 - Contraseña incorrecta para usuario: karen
2024-11-18 19:17:21 - Intento de inicio de sesión con usuario: karen
2024-11-18 19:17:21 - Inicio de sesión exitoso para usuario: karen
2024-11-18 19:21:57 - Intento de inicio de sesión con usuario: karen
2024-11-18 19:21:57 - Inicio de sesión exitoso para usuario: karen
2024-11-18 19:22:39 - Cerrando sesión para usuario: karen
2024-11-18 19:22:46 - Intento de inicio de sesión con usuario: admin
2024-11-18 19:22:46 - Inicio de sesión exitoso para usuario: admin
2024-11-18 19:23:06 - Cerrando sesión para usuario: admin
2024-11-18 19:23:13 - Intento de inicio de sesión con usuario: karen
2024-11-18 19:23:13 - Inicio de sesión exitoso para usuario: karen
2024-11-18 19:30:38 - Intento de inicio de sesión con usuario: karen
2024-11-18 19:30:38 - Inicio de sesión exitoso para usuario: karen
2024-11-18 19:32:09 - Cerrando sesión para usuario: karen
2024-11-18 19:32:19 - Intento de inicio de sesión con usuario: admin
2024-11-18 19:32:19 - Inicio de sesión exitoso para usuario: admin
2024-11-18 19:32:33 - Cerrando sesión para usuario: admin
2024-11-18 19:32:42 - Intento de inicio de sesión con usuario: karen
2024-11-18 19:32:42 - Inicio de sesión exitoso para usuario: karen
