2024-11-15 10:53:41 - Intento de inicio de sesión con usuario: admin
2024-11-15 10:53:41 - Usuario no encontrado: admin
2024-11-15 10:53:54 - Intento de inicio de sesión con usuario: admin
2024-11-15 10:53:54 - Usuario no encontrado: admin
2024-11-15 10:55:08 - Intento de inicio de sesión con usuario: tesoreria
2024-11-15 10:57:50 - Intento de inicio de sesión con usuario: admin
2024-11-15 10:57:50 - Inicio de sesión exitoso para usuario: admin
2024-11-15 11:03:10 - Intento de inicio de sesión con usuario: admin
2024-11-15 11:03:10 - Inicio de sesión exitoso para usuario: admin
2024-11-15 12:33:39 - Intento de inicio de sesión con usuario: admin
2024-11-15 12:33:39 - Inicio de sesión exitoso para usuario: admin
2024-11-15 13:07:06 - Intento de inicio de sesión con usuario: admin
2024-11-15 13:07:06 - Inicio de sesión exitoso para usuario: admin
2024-11-15 13:11:36 - Intento de inicio de sesión con usuario: admin
2024-11-15 13:11:36 - Inicio de sesión exitoso para usuario: admin
2024-11-15 13:32:32 - Intento de inicio de sesión con usuario: admin
2024-11-15 13:32:32 - Inicio de sesión exitoso para usuario: admin
2024-11-15 13:35:39 - Intento de inicio de sesión con usuario: admin
2024-11-15 13:35:39 - Inicio de sesión exitoso para usuario: admin
2024-11-15 13:37:10 - Intento de inicio de sesión con usuario: admin
2024-11-15 13:37:10 - Inicio de sesión exitoso para usuario: admin
2024-11-15 13:38:30 - Intento de inicio de sesión con usuario: admin
2024-11-15 13:38:31 - Inicio de sesión exitoso para usuario: admin
2024-11-15 13:39:12 - Intento de inicio de sesión con usuario: admin
2024-11-15 13:39:12 - Inicio de sesión exitoso para usuario: admin
2024-11-15 13:39:48 - Intento de inicio de sesión con usuario: admin
2024-11-15 13:39:48 - Inicio de sesión exitoso para usuario: admin
2024-11-15 13:40:50 - Intento de inicio de sesión con usuario: admin
2024-11-15 13:40:50 - Inicio de sesión exitoso para usuario: admin
2024-11-15 13:41:58 - Intento de inicio de sesión con usuario: admin
2024-11-15 13:41:58 - Inicio de sesión exitoso para usuario: admin
2024-11-15 13:44:04 - Intento de inicio de sesión con usuario: admin
2024-11-15 13:44:04 - Inicio de sesión exitoso para usuario: admin
2024-11-15 13:46:00 - Intento de inicio de sesión con usuario: admin
2024-11-15 13:46:00 - Inicio de sesión exitoso para usuario: admin
2024-11-15 13:49:54 - Intento de inicio de sesión con usuario: admin
2024-11-15 13:49:54 - Inicio de sesión exitoso para usuario: admin
2024-11-15 13:58:06 - Intento de inicio de sesión con usuario: admin
2024-11-15 13:58:06 - Inicio de sesión exitoso para usuario: admin
2024-11-15 14:00:52 - Intento de inicio de sesión con usuario: admin
2024-11-15 14:00:52 - Inicio de sesión exitoso para usuario: admin
2024-11-15 14:05:26 - Intento de inicio de sesión con usuario: adimin
2024-11-15 14:05:26 - Usuario no encontrado: adimin
2024-11-15 14:05:44 - Intento de inicio de sesión con usuario: admin
2024-11-15 14:05:44 - Inicio de sesión exitoso para usuario: admin
2024-11-15 14:07:57 - Intento de inicio de sesión con usuario: admin
2024-11-15 14:07:57 - Inicio de sesión exitoso para usuario: admin
2024-11-15 14:10:46 - Intento de inicio de sesión con usuario: empleado
2024-11-15 14:10:49 - Intento de inicio de sesión con usuario: empleado
2024-11-15 14:11:13 - Intento de inicio de sesión con usuario: admin
2024-11-15 14:11:13 - Inicio de sesión exitoso para usuario: admin
2024-11-15 14:11:34 - Cerrando sesión para usuario: admin
2024-11-15 14:11:43 - Intento de inicio de sesión con usuario: empleado
2024-11-15 14:11:48 - Intento de inicio de sesión con usuario: empleado
2024-11-15 14:11:49 - Intento de inicio de sesión con usuario: empleado
2024-11-15 14:11:49 - Intento de inicio de sesión con usuario: empleado
2024-11-15 14:11:49 - Intento de inicio de sesión con usuario: empleado
2024-11-15 14:11:49 - Intento de inicio de sesión con usuario: empleado
2024-11-15 14:11:49 - Intento de inicio de sesión con usuario: empleado
2024-11-15 14:11:50 - Intento de inicio de sesión con usuario: empleado
2024-11-15 14:12:38 - Intento de inicio de sesión con usuario: admin
2024-11-15 14:12:38 - Inicio de sesión exitoso para usuario: admin
2024-11-15 14:13:02 - Cerrando sesión para usuario: admin
2024-11-15 14:13:11 - Intento de inicio de sesión con usuario: empleado
2024-11-15 14:13:12 - Intento de inicio de sesión con usuario: empleado
2024-11-15 14:13:12 - Intento de inicio de sesión con usuario: empleado
2024-11-15 14:13:32 - Intento de inicio de sesión con usuario: empleado
2024-11-15 14:13:58 - Intento de inicio de sesión con usuario: adimin
2024-11-15 14:13:58 - Usuario no encontrado: adimin
2024-11-15 14:14:06 - Intento de inicio de sesión con usuario: admin
2024-11-15 14:14:06 - Inicio de sesión exitoso para usuario: admin
2024-11-15 14:18:47 - Intento de inicio de sesión con usuario: admin
2024-11-15 14:18:47 - Inicio de sesión exitoso para usuario: admin
2024-11-15 14:19:52 - Cerrando sesión para usuario: admin
2024-11-15 14:20:00 - Intento de inicio de sesión con usuario: karen
2024-11-15 14:20:00 - Inicio de sesión exitoso para usuario: karen
2024-11-15 14:20:20 - Cerrando sesión para usuario: karen
2024-11-15 14:20:28 - Intento de inicio de sesión con usuario: admin
2024-11-15 14:20:28 - Inicio de sesión exitoso para usuario: admin
2024-11-15 23:45:16 - Intento de inicio de sesión con usuario: admin
2024-11-15 23:45:16 - Inicio de sesión exitoso para usuario: admin
2024-11-15 23:46:54 - Cerrando sesión para usuario: admin
2024-11-15 23:47:04 - Intento de inicio de sesión con usuario: karen
2024-11-15 23:47:04 - Inicio de sesión exitoso para usuario: karen
2024-11-15 23:48:11 - Cerrando sesión para usuario: karen
2024-11-15 23:48:18 - Intento de inicio de sesión con usuario: admin
2024-11-15 23:48:18 - Inicio de sesión exitoso para usuario: admin
2024-11-15 23:48:39 - Cerrando sesión para usuario: admin
2024-11-15 23:48:48 - Intento de inicio de sesión con usuario: empleado
2024-11-15 23:48:56 - Intento de inicio de sesión con usuario: empleado
2024-11-15 23:49:06 - Intento de inicio de sesión con usuario: karen
2024-11-15 23:49:06 - Inicio de sesión exitoso para usuario: karen
